https://www.sreality.cz/adresar?strana=1
https://www.sreality.cz/adresar/rapakco-s-r-o-praha-zizkov/18254/pobocky
menu_estate_count True <re.Match object; span=(10, 24), match='Inzeráty (101)'>
menu_estate_countAAAAA
https://www.sreality.cz/adresar/home-sweet-home-praha-nove-mesto/19464/pobocky
https://www.sreality.cz/adresar/era-reality-praha-holesovice/10018/pobocky
menu_estate_count False None
https://www.sreality.cz/adresar/era-reality-praha-holesovice/10018/pobocky?strana=2
https://www.sreality.cz/adresar/fincentrum-reality-praha-smichov/10762/pobocky
menu_estate_count True <re.Match object; span=(10, 24), match='Inzeráty (492)'>
menu_estate_countAAAAA
https://www.sreality.cz/adresar/fincentrum-reality-praha-smichov/10762/pobocky?strana=4
https://www.sreality.cz/adresar/fincentrum-reality-praha-smichov/10762/pobocky?strana=3
https://www.sreality.cz/adresar/fincentrum-reality-praha-smichov/10762/pobocky?strana=2
https://www.sreality.cz/adresar/residomo-s-r-o-ostrava-moravska-ostrava/15778/pobocky
menu_estate_count True <re.Match object; span=(10, 24), match='Inzeráty (494)'>
menu_estate_countAAAAA
https://www.sreality.cz/adresar/content-reality-s-r-o-praha-hostivar/13814/pobocky
Element not found!
https://www.sreality.cz/adresar/realitni-agentura-proradost-breclav/2476/pobocky
menu_estate_count True <re.Match object; span=(10, 24), match='Inzeráty (664)'>
menu_estate_countAAAAA
https://www.sreality.cz/adresar/evropa-realitni-kancelar-praha-nove-mesto/20496/pobocky
menu_estate_count False None
https://www.sreality.cz/adresar/evropa-realitni-kancelar-praha-nove-mesto/20496/pobocky?strana=2
https://www.sreality.cz/adresar/realitni-spolecnost-ceske-sporitelny-a-s-praha-vinohrady/1871/pobocky
menu_estate_count False None
https://www.sreality.cz/adresar/realitni-spolecnost-ceske-sporitelny-a-s-praha-vinohrady/1871/pobocky?strana=2
https://www.sreality.cz/adresar/realityspolu-praha-stodulky/20724/pobocky
menu_estate_count False None
https://www.sreality.cz/adresar/feelhome-by-svoboda-williams-praha-stare-mesto/7915/pobocky
menu_estate_count True <re.Match object; span=(10, 22), match='Inzeráty (5)'>
menu_estate_countAAAAA
https://www.sreality.cz/adresar/svoboda-williams-praha-stare-mesto/1372/pobocky
menu_estate_count True <re.Match object; span=(10, 24), match='Inzeráty (850)'>
menu_estate_countAAAAA
https://www.sreality.cz/adresar/108-agency-s-r-o-praha-zizkov/199/pobocky
menu_estate_count True <re.Match object; span=(10, 22), match='Inzeráty (6)'>
menu_estate_countAAAAA
https://www.sreality.cz/adresar/fondrealit-cz-s-r-o-praha-stare-mesto/14793/pobocky
https://www.sreality.cz/adresar/realitni-kancelar-sting-s-r-o-trinec-stare-mesto/431/pobocky
menu_estate_count True <re.Match object; span=(10, 23), match='Inzeráty (69)'>
menu_estate_countAAAAA
https://www.sreality.cz/adresar/realitni-kancelar-sting-s-r-o-trinec-stare-mesto/431/pobocky?strana=2
https://www.sreality.cz/adresar/next-reality-praha-vinohrady/6013/pobocky
menu_estate_count True <re.Match object; span=(10, 23), match='Inzeráty (96)'>
menu_estate_countAAAAA
https://www.sreality.cz/adresar/next-reality-praha-vinohrady/6013/pobocky?strana=3
https://www.sreality.cz/adresar/next-reality-praha-vinohrady/6013/pobocky?strana=2
https://www.sreality.cz/adresar/bidli-praha-nove-mesto/17843/pobocky
menu_estate_count True <re.Match object; span=(10, 25), match='Inzeráty (1143)'>
menu_estate_countAAAAA
https://www.sreality.cz/adresar/bidli-praha-nove-mesto/17843/pobocky?strana=2
https://www.sreality.cz/adresar/century-21-czech-republic-praha-stare-mesto/11762/pobocky
menu_estate_count False None
https://www.sreality.cz/adresar/century-21-czech-republic-praha-stare-mesto/11762/pobocky?strana=3
https://www.sreality.cz/adresar/century-21-czech-republic-praha-stare-mesto/11762/pobocky?strana=2
https://www.sreality.cz/adresar/re-max-ceska-republika-praha-klanovice/7052/pobocky
menu_estate_count False None
https://www.sreality.cz/adresar/re-max-ceska-republika-praha-klanovice/7052/pobocky?strana=7
https://www.sreality.cz/adresar/re-max-ceska-republika-praha-klanovice/7052/pobocky?strana=6
https://www.sreality.cz/adresar/re-max-ceska-republika-praha-klanovice/7052/pobocky?strana=5
https://www.sreality.cz/adresar/re-max-ceska-republika-praha-klanovice/7052/pobocky?strana=4
https://www.sreality.cz/adresar/re-max-ceska-republika-praha-klanovice/7052/pobocky?strana=3
https://www.sreality.cz/adresar/re-max-ceska-republika-praha-klanovice/7052/pobocky?strana=2
https://www.sreality.cz/adresar/mm-reality-praha-nove-mesto/1019/pobocky
menu_estate_count True <re.Match object; span=(10, 25), match='Inzeráty (7423)'>
menu_estate_countAAAAA
https://www.sreality.cz/adresar/mm-reality-praha-nove-mesto/1019/pobocky?strana=8
https://www.sreality.cz/adresar/mm-reality-praha-nove-mesto/1019/pobocky?strana=7
https://www.sreality.cz/adresar/mm-reality-praha-nove-mesto/1019/pobocky?strana=6
https://www.sreality.cz/adresar/mm-reality-praha-nove-mesto/1019/pobocky?strana=5
https://www.sreality.cz/adresar/mm-reality-praha-nove-mesto/1019/pobocky?strana=4
https://www.sreality.cz/adresar/mm-reality-praha-nove-mesto/1019/pobocky?strana=3
https://www.sreality.cz/adresar/mm-reality-praha-nove-mesto/1019/pobocky?strana=2
https://www.sreality.cz/adresar?strana=2
https://www.sreality.cz/adresar/centrum-aukci-cz-s-r-o-hradec-kralove-slezske-predmesti/11394/pobocky
https://www.sreality.cz/adresar/coloseum-nemovitosti-s-r-o-brno-pisarky/1005/pobocky
menu_estate_count True <re.Match object; span=(10, 23), match='Inzeráty (33)'>
menu_estate_countAAAAA
https://www.sreality.cz/adresar/zoo-reality-praha-stare-mesto/17104/pobocky
Element not found!
https://www.sreality.cz/adresar/century-21-bonus-brno-brno-trnita/1342/pobocky
https://www.sreality.cz/adresar/reality-kocourek-roznov-pod-radhostem/7448/pobocky
menu_estate_count True <re.Match object; span=(10, 24), match='Inzeráty (210)'>
menu_estate_countAAAAA
https://www.sreality.cz/adresar/bravis-reality-s-r-o-brno-styrice/2291/pobocky
menu_estate_count True <re.Match object; span=(10, 24), match='Inzeráty (249)'>
menu_estate_countAAAAA
https://www.sreality.cz/adresar/patoma-praha-nove-mesto/15372/pobocky
https://www.sreality.cz/adresar/reality-11-praha-nebusice/16220/pobocky
menu_estate_count False None
https://www.sreality.cz/adresar/razka-reality-tachov/14849/pobocky
menu_estate_count True <re.Match object; span=(10, 24), match='Inzeráty (191)'>
menu_estate_countAAAAA
https://www.sreality.cz/adresar/faraon-reality-praha-vinohrady/613/pobocky
Element not found!
https://www.sreality.cz/adresar/luxent-exclusive-properties-praha-josefov/3628/pobocky
https://www.sreality.cz/adresar/ceska-sprava-pozemku-a-nemovitosti-s-r-o-dolni-brezany/16256/pobocky
https://www.sreality.cz/adresar/rk-nika-realitni-kancelar-semily/626/pobocky
https://www.sreality.cz/adresar/euro-reality-plzen-s-r-o-plzen-vychodni-predmesti/14967/pobocky
menu_estate_count True <re.Match object; span=(10, 24), match='Inzeráty (361)'>
menu_estate_countAAAAA
https://www.sreality.cz/adresar/i-e-t-reality-s-r-o-brno-brno-mesto/332/pobocky
menu_estate_count True <re.Match object; span=(10, 24), match='Inzeráty (165)'>
menu_estate_countAAAAA
https://www.sreality.cz/adresar/molik-reality-s-r-o-most/9013/pobocky
menu_estate_count True <re.Match object; span=(10, 24), match='Inzeráty (373)'>
menu_estate_countAAAAA
https://www.sreality.cz/adresar/engel-volkers-praha-smichov/10628/pobocky
menu_estate_count True <re.Match object; span=(10, 24), match='Inzeráty (381)'>
menu_estate_countAAAAA
https://www.sreality.cz/adresar/real-spektrum-brno-veveri/8380/pobocky
https://www.sreality.cz/adresar/lexxus-a-s-praha-nove-mesto/578/pobocky
menu_estate_count True <re.Match object; span=(10, 23), match='Inzeráty (41)'>
menu_estate_countAAAAA
https://www.sreality.cz/adresar/qara-s-r-o-praha-vinohrady/11252/pobocky
menu_estate_count True <re.Match object; span=(10, 24), match='Inzeráty (375)'>
menu_estate_countAAAAA
